<?xml version="1.0" encoding="UTF-8"?>
<testng-results skipped="0" failed="0" ignored="0" total="1" passed="1">
  <reporter-output>
  </reporter-output>
  <suite name="Default suite" duration-ms="198" started-at="2018-04-26T11:44:10Z" finished-at="2018-04-26T11:44:10Z">
    <groups>
    </groups>
    <test name="Default test" duration-ms="198" started-at="2018-04-26T11:44:10Z" finished-at="2018-04-26T11:44:10Z">
      <class name="Demo.Demo1">
        <test-method status="PASS" signature="createUser()[pri:0, instance:Demo.Demo1@5419f379]" name="createUser" duration-ms="15" started-at="2018-04-26T17:14:10Z" finished-at="2018-04-26T17:14:10Z">
          <reporter-output>
          </reporter-output>
        </test-method> <!-- createUser -->
      </class> <!-- Demo.Demo1 -->
    </test> <!-- Default test -->
  </suite> <!-- Default suite -->
</testng-results>
